2023-09-19 07:35:07.022 [17128] [INFO] Args: 3
2023-09-19 07:36:11.070 [12504] [INFO] Args: ./data_example.csv
2023-09-19 07:36:45.016 [16956] [INFO] Args: ./data_example.csv
2023-09-19 07:36:52.468 [23040] [INFO] Args: ./data_example.csv
2023-09-19 07:38:58.969 [20236] [INFO] Option: None
2023-09-19 07:39:05.969 [6276] [INFO] Option: TSL
2023-09-19 07:44:22.093 [16164] [INFO] Option: None
2023-09-19 07:44:22.097 [16164] [INFO] Buy and sell calc: 
{'AAPL': {'BUY': 200.0, 'SELL': 0},
 'DSNY': {'BUY': 240.0, 'SELL': 46.0},
 'GOOGL': {'BUY': 2724212.0, 'SELL': 1462.0},
 'META': {'BUY': 1818334.0, 'SELL': 182.0},
 'TSL': {'BUY': 0, 'SELL': 891956.0}}
2023-09-19 07:44:27.487 [14152] [INFO] Option: None
2023-09-19 07:44:27.488 [14152] [INFO] Customer trades by date: 
{'C123': {'2021-08-29': {'trades': 0},
          '2022-01-07': {'trades': 1},
          '2022-12-21': {'trades': 0},
          '2023-01-04': {'trades': 0},
          '2023-01-28': {'trades': 0},
          '2023-02-02': {'trades': 0},
          '2023-02-12': {'trades': 0},
          '2023-03-03': {'trades': 0},
          '2023-03-12': {'trades': 0},
          '2023-04-26': {'trades': 0},
          '2023-05-02': {'trades': 0},
          '2023-08-01': {'trades': 1},
          '2023-09-06': {'trades': 0},
          '2023-10-02': {'trades': 0}},
 'C124': {'2021-08-29': {'trades': 0},
          '2022-01-07': {'trades': 0},
          '2022-12-21': {'trades': 0},
          '2023-01-04': {'trades': 0},
          '2023-01-28': {'trades': 0},
          '2023-02-02': {'trades': 0},
          '2023-02-12': {'trades': 0},
          '2023-03-03': {'trades': 0},
          '2023-03-12': {'trades': 0},
          '2023-04-26': {'trades': 0},
          '2023-05-02': {'trades': 3},
          '2023-08-01': {'trades': 0},
          '2023-09-06': {'trades': 1},
          '2023-10-02': {'trades': 0}},
 'C125': {'2021-08-29': {'trades': 1},
          '2022-01-07': {'trades': 0},
          '2022-12-21': {'trades': 0},
          '2023-01-04': {'trades': 1},
          '2023-01-28': {'trades': 0},
          '2023-02-02': {'trades': 0},
          '2023-02-12': {'trades': 0},
          '2023-03-03': {'trades': 0},
          '2023-03-12': {'trades': 1},
          '2023-04-26': {'trades': 0},
          '2023-05-02': {'trades': 0},
          '2023-08-01': {'trades': 0},
          '2023-09-06': {'trades': 0},
          '2023-10-02': {'trades': 0}},
 'C126': {'2021-08-29': {'trades': 0},
          '2022-01-07': {'trades': 0},
          '2022-12-21': {'trades': 1},
          '2023-01-04': {'trades': 0},
          '2023-01-28': {'trades': 0},
          '2023-02-02': {'trades': 0},
          '2023-02-12': {'trades': 0},
          '2023-03-03': {'trades': 0},
          '2023-03-12': {'trades': 0},
          '2023-04-26': {'trades': 0},
          '2023-05-02': {'trades': 0},
          '2023-08-01': {'trades': 0},
          '2023-09-06': {'trades': 0},
          '2023-10-02': {'trades': 1}},
 'C127': {'2021-08-29': {'trades': 0},
          '2022-01-07': {'trades': 0},
          '2022-12-21': {'trades': 0},
          '2023-01-04': {'trades': 0},
          '2023-01-28': {'trades': 0},
          '2023-02-02': {'trades': 1},
          '2023-02-12': {'trades': 0},
          '2023-03-03': {'trades': 3},
          '2023-03-12': {'trades': 0},
          '2023-04-26': {'trades': 0},
          '2023-05-02': {'trades': 1},
          '2023-08-01': {'trades': 0},
          '2023-09-06': {'trades': 0},
          '2023-10-02': {'trades': 0}},
 'C128': {'2021-08-29': {'trades': 0},
          '2022-01-07': {'trades': 0},
          '2022-12-21': {'trades': 0},
          '2023-01-04': {'trades': 0},
          '2023-01-28': {'trades': 0},
          '2023-02-02': {'trades': 0},
          '2023-02-12': {'trades': 1},
          '2023-03-03': {'trades': 0},
          '2023-03-12': {'trades': 0},
          '2023-04-26': {'trades': 0},
          '2023-05-02': {'trades': 0},
          '2023-08-01': {'trades': 0},
          '2023-09-06': {'trades': 0},
          '2023-10-02': {'trades': 0}},
 'C129': {'2021-08-29': {'trades': 0},
          '2022-01-07': {'trades': 0},
          '2022-12-21': {'trades': 0},
          '2023-01-04': {'trades': 0},
          '2023-01-28': {'trades': 1},
          '2023-02-02': {'trades': 0},
          '2023-02-12': {'trades': 0},
          '2023-03-03': {'trades': 0},
          '2023-03-12': {'trades': 0},
          '2023-04-26': {'trades': 1},
          '2023-05-02': {'trades': 0},
          '2023-08-01': {'trades': 0},
          '2023-09-06': {'trades': 0},
          '2023-10-02': {'trades': 0}}}
2023-09-19 07:44:29.404 [7572] [INFO] Option: None
2023-09-19 07:44:29.406 [7572] [INFO] Tickers average: 
{'AAPL': {'2021-08-29': {'average': 0, 'total': 0.0, 'trades': 0},
          '2022-01-07': {'average': 0, 'total': 0.0, 'trades': 0},
          '2022-12-21': {'average': 0, 'total': 0.0, 'trades': 0},
          '2023-01-04': {'average': 0, 'total': 0.0, 'trades': 0},
          '2023-01-28': {'average': 0, 'total': 0.0, 'trades': 0},
          '2023-02-02': {'average': 0, 'total': 0.0, 'trades': 0},
          '2023-02-12': {'average': 0, 'total': 0.0, 'trades': 0},
          '2023-03-03': {'average': 0, 'total': 0.0, 'trades': 0},
          '2023-03-12': {'average': 0, 'total': 0.0, 'trades': 0},
          '2023-04-26': {'average': 0, 'total': 0.0, 'trades': 0},
          '2023-05-02': {'average': 0, 'total': 0.0, 'trades': 0},
          '2023-08-01': {'average': 150.0, 'total': 150.0, 'trades': 1},
          '2023-09-06': {'average': 0, 'total': 0.0, 'trades': 0},
          '2023-10-02': {'average': 0, 'total': 0.0, 'trades': 0}},
 'DSNY': {'2021-08-29': {'average': 0, 'total': 0.0, 'trades': 0},
          '2022-01-07': {'average': 0, 'total': 0.0, 'trades': 0},
          '2022-12-21': {'average': 0, 'total': 0.0, 'trades': 0},
          '2023-01-04': {'average': 0, 'total': 0.0, 'trades': 0},
          '2023-01-28': {'average': 656.0, 'total': 656.0, 'trades': 1},
          '2023-02-02': {'average': 0, 'total': 0.0, 'trades': 0},
          '2023-02-12': {'average': 0, 'total': 0.0, 'trades': 0},
          '2023-03-03': {'average': 65464.0, 'total': 65464.0, 'trades': 1},
          '2023-03-12': {'average': 0, 'total': 0.0, 'trades': 0},
          '2023-04-26': {'average': 234.0, 'total': 234.0, 'trades': 1},
          '2023-05-02': {'average': 0, 'total': 0.0, 'trades': 0},
          '2023-08-01': {'average': 0, 'total': 0.0, 'trades': 0},
          '2023-09-06': {'average': 124.0, 'total': 124.0, 'trades': 1},
          '2023-10-02': {'average': 0, 'total': 0.0, 'trades': 0}},
 'GOOGL': {'2021-08-29': {'average': 0, 'total': 0.0, 'trades': 0},
           '2022-01-07': {'average': 2235.0, 'total': 2235.0, 'trades': 1},
           '2022-12-21': {'average': 0, 'total': 0.0, 'trades': 0},
           '2023-01-04': {'average': 4545.0, 'total': 4545.0, 'trades': 1},
           '2023-01-28': {'average': 0, 'total': 0.0, 'trades': 0},
           '2023-02-02': {'average': 0, 'total': 0.0, 'trades': 0},
           '2023-02-12': {'average': 54.0, 'total': 54.0, 'trades': 1},
           '2023-03-03': {'average': 2700.0, 'total': 2700.0, 'trades': 1},
           '2023-03-12': {'average': 3252.0, 'total': 3252.0, 'trades': 1},
           '2023-04-26': {'average': 0, 'total': 0.0, 'trades': 0},
           '2023-05-02': {'average': 4285.5, 'total': 8571.0, 'trades': 2},
           '2023-08-01': {'average': 0, 'total': 0.0, 'trades': 0},
           '2023-09-06': {'average': 0, 'total': 0.0, 'trades': 0},
           '2023-10-02': {'average': 1.0, 'total': 1.0, 'trades': 1}},
 'META': {'2021-08-29': {'average': 234.0, 'total': 234.0, 'trades': 1},
          '2022-01-07': {'average': 0, 'total': 0.0, 'trades': 0},
          '2022-12-21': {'average': 0, 'total': 0.0, 'trades': 0},
          '2023-01-04': {'average': 0, 'total': 0.0, 'trades': 0},
          '2023-01-28': {'average': 0, 'total': 0.0, 'trades': 0},
          '2023-02-02': {'average': 0, 'total': 0.0, 'trades': 0},
          '2023-02-12': {'average': 0, 'total': 0.0, 'trades': 0},
          '2023-03-03': {'average': 3452.0, 'total': 3452.0, 'trades': 1},
          '2023-03-12': {'average': 0, 'total': 0.0, 'trades': 0},
          '2023-04-26': {'average': 0, 'total': 0.0, 'trades': 0},
          '2023-05-02': {'average': 5387.0, 'total': 5387.0, 'trades': 1},
          '2023-08-01': {'average': 0, 'total': 0.0, 'trades': 0},
          '2023-09-06': {'average': 0, 'total': 0.0, 'trades': 0},
          '2023-10-02': {'average': 0, 'total': 0.0, 'trades': 0}},
 'TSL': {'2021-08-29': {'average': 0, 'total': 0.0, 'trades': 0},
         '2022-01-07': {'average': 0, 'total': 0.0, 'trades': 0},
         '2022-12-21': {'average': 2700.0, 'total': 2700.0, 'trades': 1},
         '2023-01-04': {'average': 0, 'total': 0.0, 'trades': 0},
         '2023-01-28': {'average': 0, 'total': 0.0, 'trades': 0},
         '2023-02-02': {'average': 23444.0, 'total': 23444.0, 'trades': 1},
         '2023-02-12': {'average': 0, 'total': 0.0, 'trades': 0},
         '2023-03-03': {'average': 0, 'total': 0.0, 'trades': 0},
         '2023-03-12': {'average': 0, 'total': 0.0, 'trades': 0},
         '2023-04-26': {'average': 0, 'total': 0.0, 'trades': 0},
         '2023-05-02': {'average': 21.0, 'total': 21.0, 'trades': 1},
         '2023-08-01': {'average': 0, 'total': 0.0, 'trades': 0},
         '2023-09-06': {'average': 0, 'total': 0.0, 'trades': 0},
         '2023-10-02': {'average': 0, 'total': 0.0, 'trades': 0}}}
2023-09-19 07:44:47.617 [2240] [INFO] Option: TSL
